<?xml version="1.0" encoding="UTF-8"?>
<!-- Generated by org.testng.reporters.JUnitXMLReporter -->
<testsuite ignored="0" hostname="Uris-MacBook-Pro.local" failures="8" tests="8" name="Test" time="8.613" errors="0" timestamp="2021-03-22T01:49:28 IST">
  <testcase classname="urix.MyStore.tests.MenuTest" name="BlousesTest" time="0.073">
    <failure type="java.lang.NullPointerException">
      <![CDATA[java.lang.NullPointerException
at java.base/java.util.Objects.requireNonNull(Objects.java:208)
at org.openqa.selenium.support.ui.FluentWait.<init>(FluentWait.java:106)
at org.openqa.selenium.support.ui.WebDriverWait.<init>(WebDriverWait.java:85)
at org.openqa.selenium.support.ui.WebDriverWait.<init>(WebDriverWait.java:45)
at urix.MyStore.objects.BasePage.<init>(BasePage.java:13)
at urix.MyStore.objects.MenuPage.<init>(MenuPage.java:35)
at urix.MyStore.tests.MenuTest.BlousesTest(MenuTest.java:20)
at java.base/java.util.ArrayList.forEach(ArrayList.java:1511)
... Removed 27 stack frames]]>
    </failure>
  </testcase> <!-- BlousesTest -->
  <testcase classname="urix.MyStore.tests.MenuTest" name="SummerDressesTest" time="0.002">
    <failure type="java.lang.NullPointerException">
      <![CDATA[java.lang.NullPointerException
at java.base/java.util.Objects.requireNonNull(Objects.java:208)
at org.openqa.selenium.support.ui.FluentWait.<init>(FluentWait.java:106)
at org.openqa.selenium.support.ui.WebDriverWait.<init>(WebDriverWait.java:85)
at org.openqa.selenium.support.ui.WebDriverWait.<init>(WebDriverWait.java:45)
at urix.MyStore.objects.BasePage.<init>(BasePage.java:13)
at urix.MyStore.objects.MenuPage.<init>(MenuPage.java:35)
at urix.MyStore.tests.MenuTest.SummerDressesTest(MenuTest.java:35)
at java.base/java.util.ArrayList.forEach(ArrayList.java:1511)
... Removed 27 stack frames]]>
    </failure>
  </testcase> <!-- SummerDressesTest -->
  <testcase classname="urix.MyStore.tests.MenuTest" name="bestSellersTest" time="0.013">
    <failure type="java.lang.NullPointerException">
      <![CDATA[java.lang.NullPointerException
at java.base/java.util.Objects.requireNonNull(Objects.java:208)
at org.openqa.selenium.support.ui.FluentWait.<init>(FluentWait.java:106)
at org.openqa.selenium.support.ui.WebDriverWait.<init>(WebDriverWait.java:85)
at org.openqa.selenium.support.ui.WebDriverWait.<init>(WebDriverWait.java:45)
at urix.MyStore.objects.BasePage.<init>(BasePage.java:13)
at urix.MyStore.objects.MenuPage.<init>(MenuPage.java:35)
at urix.MyStore.objects.StartPage.<init>(StartPage.java:24)
at urix.MyStore.tests.MenuTest.bestSellersTest(MenuTest.java:78)
at java.base/java.util.ArrayList.forEach(ArrayList.java:1511)
... Removed 27 stack frames]]>
    </failure>
  </testcase> <!-- bestSellersTest -->
  <testcase classname="urix.MyStore.tests.MenuTest" name="contactFailed" time="0.003">
    <failure type="java.lang.NullPointerException">
      <![CDATA[java.lang.NullPointerException
at java.base/java.util.Objects.requireNonNull(Objects.java:208)
at org.openqa.selenium.support.ui.FluentWait.<init>(FluentWait.java:106)
at org.openqa.selenium.support.ui.WebDriverWait.<init>(WebDriverWait.java:85)
at org.openqa.selenium.support.ui.WebDriverWait.<init>(WebDriverWait.java:45)
at urix.MyStore.objects.BasePage.<init>(BasePage.java:13)
at urix.MyStore.objects.MenuPage.<init>(MenuPage.java:35)
at urix.MyStore.tests.MenuTest.contactFailed(MenuTest.java:97)
at java.base/java.util.ArrayList.forEach(ArrayList.java:1511)
... Removed 27 stack frames]]>
    </failure>
  </testcase> <!-- contactFailed -->
  <testcase classname="urix.MyStore.tests.MenuTest" name="contactSucceeded" time="0.003">
    <failure type="java.lang.NullPointerException">
      <![CDATA[java.lang.NullPointerException
at java.base/java.util.Objects.requireNonNull(Objects.java:208)
at org.openqa.selenium.support.ui.FluentWait.<init>(FluentWait.java:106)
at org.openqa.selenium.support.ui.WebDriverWait.<init>(WebDriverWait.java:85)
at org.openqa.selenium.support.ui.WebDriverWait.<init>(WebDriverWait.java:45)
at urix.MyStore.objects.BasePage.<init>(BasePage.java:13)
at urix.MyStore.objects.MenuPage.<init>(MenuPage.java:35)
at urix.MyStore.tests.MenuTest.contactSucceeded(MenuTest.java:85)
at java.base/java.util.ArrayList.forEach(ArrayList.java:1511)
... Removed 27 stack frames]]>
    </failure>
  </testcase> <!-- contactSucceeded -->
  <testcase classname="urix.MyStore.tests.MenuTest" name="searchFailedTest" time="0.004">
    <failure type="java.lang.NullPointerException">
      <![CDATA[java.lang.NullPointerException
at java.base/java.util.Objects.requireNonNull(Objects.java:208)
at org.openqa.selenium.support.ui.FluentWait.<init>(FluentWait.java:106)
at org.openqa.selenium.support.ui.WebDriverWait.<init>(WebDriverWait.java:85)
at org.openqa.selenium.support.ui.WebDriverWait.<init>(WebDriverWait.java:45)
at urix.MyStore.objects.BasePage.<init>(BasePage.java:13)
at urix.MyStore.objects.MenuPage.<init>(MenuPage.java:35)
at urix.MyStore.objects.CatalogPage.<init>(CatalogPage.java:21)
at urix.MyStore.tests.MenuTest.searchFailedTest(MenuTest.java:66)
at java.base/java.util.ArrayList.forEach(ArrayList.java:1511)
... Removed 27 stack frames]]>
    </failure>
  </testcase> <!-- searchFailedTest -->
  <testcase classname="urix.MyStore.tests.MenuTest" name="searchTest" time="0.005">
    <failure type="java.lang.NullPointerException">
      <![CDATA[java.lang.NullPointerException
at java.base/java.util.Objects.requireNonNull(Objects.java:208)
at org.openqa.selenium.support.ui.FluentWait.<init>(FluentWait.java:106)
at org.openqa.selenium.support.ui.WebDriverWait.<init>(WebDriverWait.java:85)
at org.openqa.selenium.support.ui.WebDriverWait.<init>(WebDriverWait.java:45)
at urix.MyStore.objects.BasePage.<init>(BasePage.java:13)
at urix.MyStore.objects.MenuPage.<init>(MenuPage.java:35)
at urix.MyStore.tests.MenuTest.searchTest(MenuTest.java:56)
at java.base/java.util.ArrayList.forEach(ArrayList.java:1511)
... Removed 27 stack frames]]>
    </failure>
  </testcase> <!-- searchTest -->
  <testcase classname="urix.MyStore.tests.MenuTest" name="womenTest" time="0.004">
    <failure type="java.lang.NullPointerException">
      <![CDATA[java.lang.NullPointerException
at java.base/java.util.Objects.requireNonNull(Objects.java:208)
at org.openqa.selenium.support.ui.FluentWait.<init>(FluentWait.java:106)
at org.openqa.selenium.support.ui.WebDriverWait.<init>(WebDriverWait.java:85)
at org.openqa.selenium.support.ui.WebDriverWait.<init>(WebDriverWait.java:45)
at urix.MyStore.objects.BasePage.<init>(BasePage.java:13)
at urix.MyStore.objects.MenuPage.<init>(MenuPage.java:35)
at urix.MyStore.tests.MenuTest.womenTest(MenuTest.java:45)
at java.base/java.util.ArrayList.forEach(ArrayList.java:1511)
... Removed 27 stack frames]]>
    </failure>
  </testcase> <!-- womenTest -->
</testsuite> <!-- Test -->
